ERROR 2025-05-15 21:26:58,933 apps 40548 20628 Error initializing recommendation engine: cannot import name 'ensure_recommendation_engine_in_path' from 'recommendation.utils' (A:\web django\GradProject\New folder\BookNest\BookNest\recommendation\utils.py)
ERROR 2025-05-15 21:28:18,281 apps 16628 31984 Error initializing recommendation engine: cannot import name 'ensure_recommendation_engine_in_path' from 'recommendation.utils' (A:\web django\GradProject\New folder\BookNest\BookNest\recommendation\utils.py)
ERROR 2025-05-15 21:28:29,649 apps 20932 41008 Error initializing recommendation engine: cannot import name 'ensure_recommendation_engine_in_path' from 'recommendation.utils' (A:\web django\GradProject\New folder\BookNest\BookNest\recommendation\utils.py)
ERROR 2025-05-15 21:29:16,400 apps 13680 29380 Error initializing recommendation engine: cannot import name 'ensure_recommendation_engine_in_path' from 'recommendation.utils' (A:\web django\GradProject\New folder\BookNest\BookNest\recommendation\utils.py)
ERROR 2025-05-15 21:29:47,149 apps 33488 37560 Error initializing recommendation engine: cannot import name 'ensure_recommendation_engine_in_path' from 'recommendation.utils' (A:\web django\GradProject\New folder\BookNest\BookNest\recommendation\utils.py)
INFO 2025-05-15 21:29:48,551 services 33488 37560 Starting training of svd recommendation model
INFO 2025-05-15 21:29:48,907 recommendation_engine 33488 37560 RecommendationEngine initialized with model type: SVD
INFO 2025-05-15 21:29:48,908 recommendation_engine 33488 37560 Starting model training process...
INFO 2025-05-15 21:29:48,908 recommendation_engine 33488 37560 Filtering users with less than 5 ratings.
INFO 2025-05-15 21:29:48,910 recommendation_engine 33488 37560 Users before filtering: 4. Users after filtering: 4. Ratings remaining: 2008
INFO 2025-05-15 21:29:48,911 recommendation_engine 33488 37560 Creating Surprise Dataset with scale (1, 5).
INFO 2025-05-15 21:29:48,926 recommendation_engine 33488 37560 Splitting data into training and testing sets.
INFO 2025-05-15 21:29:48,951 recommendation_engine 33488 37560 Training SVD model...
INFO 2025-05-15 21:29:48,974 recommendation_engine 33488 37560 Model training complete.
INFO 2025-05-15 21:29:48,974 recommendation_engine 33488 37560 Evaluating model on the test set...
INFO 2025-05-15 21:29:48,976 recommendation_engine 33488 37560 Evaluation - RMSE: 1.2631, MAE: 1.0832
ERROR 2025-05-15 21:29:48,977 services 33488 37560 Model training failed
INFO 2025-05-15 21:33:22,204 utils 25192 24936 Added recommendation engine path to sys.path: A:\web django\GradProject\New folder\BookNest\BookNest\recommendations\engine
INFO 2025-05-15 21:33:31,538 utils 34992 37936 Added recommendation engine path to sys.path: A:\web django\GradProject\New folder\BookNest\BookNest\recommendations\engine
INFO 2025-05-15 21:33:31,776 utils 14272 19772 Added recommendation engine path to sys.path: A:\web django\GradProject\New folder\BookNest\BookNest\recommendations\engine
INFO 2025-05-15 21:33:32,855 services 34992 37936 Starting training of svd recommendation model
INFO 2025-05-15 21:33:33,059 recommendation_engine 34992 37936 RecommendationEngine initialized with model type: SVD
INFO 2025-05-15 21:33:33,059 recommendation_engine 34992 37936 Starting model training process...
INFO 2025-05-15 21:33:33,059 recommendation_engine 34992 37936 Filtering users with less than 5 ratings.
INFO 2025-05-15 21:33:33,061 recommendation_engine 34992 37936 Users before filtering: 4. Users after filtering: 4. Ratings remaining: 2008
INFO 2025-05-15 21:33:33,061 recommendation_engine 34992 37936 Creating Surprise Dataset with scale (1, 5).
INFO 2025-05-15 21:33:33,065 recommendation_engine 34992 37936 Splitting data into training and testing sets.
INFO 2025-05-15 21:33:33,071 recommendation_engine 34992 37936 Training SVD model...
INFO 2025-05-15 21:33:33,100 recommendation_engine 34992 37936 Model training complete.
INFO 2025-05-15 21:33:33,100 recommendation_engine 34992 37936 Evaluating model on the test set...
INFO 2025-05-15 21:33:33,104 recommendation_engine 34992 37936 Evaluation - RMSE: 1.2631, MAE: 1.0832
ERROR 2025-05-15 21:33:33,108 services 34992 37936 Model training failed
INFO 2025-05-15 21:41:12,806 utils 31332 14804 Added recommendation engine path to sys.path: A:\web django\GradProject\New folder\BookNest\BookNest\recommendations\engine
INFO 2025-05-15 21:41:13,810 utils 34044 13352 Added recommendation engine path to sys.path: A:\web django\GradProject\New folder\BookNest\BookNest\recommendations\engine
INFO 2025-05-15 21:41:15,006 services 34044 13352 Starting training of svd recommendation model
INFO 2025-05-15 21:41:15,174 recommendation_engine 34044 13352 RecommendationEngine initialized with model type: SVD
INFO 2025-05-15 21:41:15,174 recommendation_engine 34044 13352 Starting model training process...
INFO 2025-05-15 21:41:15,174 recommendation_engine 34044 13352 Filtering users with less than 5 ratings.
INFO 2025-05-15 21:41:15,177 recommendation_engine 34044 13352 Users before filtering: 4. Users after filtering: 4. Ratings remaining: 2008
INFO 2025-05-15 21:41:15,177 recommendation_engine 34044 13352 Creating Surprise Dataset with scale (1, 5).
INFO 2025-05-15 21:41:15,180 recommendation_engine 34044 13352 Splitting data into training and testing sets.
INFO 2025-05-15 21:41:15,184 recommendation_engine 34044 13352 Training SVD model...
INFO 2025-05-15 21:41:15,207 recommendation_engine 34044 13352 Model training complete.
INFO 2025-05-15 21:41:15,207 recommendation_engine 34044 13352 Evaluating model on the test set...
INFO 2025-05-15 21:41:15,209 recommendation_engine 34044 13352 Evaluation - RMSE: 1.2631, MAE: 1.0832
INFO 2025-05-15 21:41:15,243 services 34044 13352 Successfully trained and saved svd model with id 1
INFO 2025-05-16 18:37:02,351 utils 7784 19928 Added recommendation engine path to sys.path: A:\web django\GradProject\New folder\BookNest\BookNest\recommendations\engine
INFO 2025-05-16 18:37:07,698 services 7784 19928 Starting training of svd recommendation model
INFO 2025-05-16 18:37:08,007 recommendation_engine 7784 19928 RecommendationEngine initialized with model type: SVD
INFO 2025-05-16 18:37:08,012 recommendation_engine 7784 19928 Starting model training process...
INFO 2025-05-16 18:37:08,014 recommendation_engine 7784 19928 Filtering users with less than 5 ratings.
INFO 2025-05-16 18:37:08,031 recommendation_engine 7784 19928 Users before filtering: 4. Users after filtering: 4. Ratings remaining: 2008
INFO 2025-05-16 18:37:08,031 recommendation_engine 7784 19928 Creating Surprise Dataset with scale (1, 5).
INFO 2025-05-16 18:37:08,042 recommendation_engine 7784 19928 Splitting data into training and testing sets.
INFO 2025-05-16 18:37:08,051 recommendation_engine 7784 19928 Training SVD model...
INFO 2025-05-16 18:37:08,102 recommendation_engine 7784 19928 Model training complete.
INFO 2025-05-16 18:37:08,108 recommendation_engine 7784 19928 Evaluating model on the test set...
INFO 2025-05-16 18:37:08,116 recommendation_engine 7784 19928 Evaluation - RMSE: 1.2631, MAE: 1.0832
INFO 2025-05-16 18:37:08,152 services 7784 19928 Successfully trained and saved svd model with id 2
INFO 2025-05-16 18:37:28,078 utils 41224 41008 Added recommendation engine path to sys.path: A:\web django\GradProject\New folder\BookNest\BookNest\recommendations\engine
INFO 2025-05-16 18:37:29,830 services 41224 41008 Starting training of knn recommendation model
INFO 2025-05-16 18:37:30,036 recommendation_engine 41224 41008 RecommendationEngine initialized with model type: KNN
INFO 2025-05-16 18:37:30,036 recommendation_engine 41224 41008 Starting model training process...
INFO 2025-05-16 18:37:30,036 recommendation_engine 41224 41008 Filtering users with less than 5 ratings.
INFO 2025-05-16 18:37:30,038 recommendation_engine 41224 41008 Users before filtering: 4. Users after filtering: 4. Ratings remaining: 2008
INFO 2025-05-16 18:37:30,039 recommendation_engine 41224 41008 Creating Surprise Dataset with scale (1, 5).
INFO 2025-05-16 18:37:30,042 recommendation_engine 41224 41008 Splitting data into training and testing sets.
INFO 2025-05-16 18:37:30,050 recommendation_engine 41224 41008 Training KNN model...
INFO 2025-05-16 18:37:30,064 recommendation_engine 41224 41008 Model training complete.
INFO 2025-05-16 18:37:30,064 recommendation_engine 41224 41008 Evaluating model on the test set...
INFO 2025-05-16 18:37:30,068 recommendation_engine 41224 41008 Evaluation - RMSE: 1.2629, MAE: 1.0808
INFO 2025-05-16 18:37:30,088 services 41224 41008 Successfully trained and saved knn model with id 3
INFO 2025-05-16 18:39:32,281 utils 19564 16524 Added recommendation engine path to sys.path: A:\web django\GradProject\New folder\BookNest\BookNest\recommendations\engine
INFO 2025-05-16 18:39:54,789 utils 20624 33676 Added recommendation engine path to sys.path: A:\web django\GradProject\New folder\BookNest\BookNest\recommendations\engine
INFO 2025-05-16 18:47:50,101 utils 16524 32636 Added recommendation engine path to sys.path: A:\web django\GradProject\New folder\BookNest\BookNest\recommendations\engine
INFO 2025-05-16 18:47:53,687 utils 36740 10792 Added recommendation engine path to sys.path: A:\web django\GradProject\New folder\BookNest\BookNest\recommendations\engine
INFO 2025-05-16 18:49:14,814 recommendation_engine 36740 30716 Generating 10 recommendations for user_id '4'.
INFO 2025-05-16 18:49:14,832 recommendation_engine 36740 30716 Successfully generated 10 recommendations for user '4'.
INFO 2025-05-16 18:49:14,903 services 36740 30716 Generated 10 recommendations for user 4
INFO 2025-05-16 18:50:10,010 recommendation_engine 36740 30716 Generating 10 recommendations for user_id '4'.
INFO 2025-05-16 18:50:10,044 recommendation_engine 36740 30716 Successfully generated 10 recommendations for user '4'.
INFO 2025-05-16 18:50:10,092 services 36740 30716 Generated 10 recommendations for user 4
INFO 2025-05-16 18:51:05,173 recommendation_engine 36740 30716 Generating 10 recommendations for user_id '4'.
INFO 2025-05-16 18:51:05,195 recommendation_engine 36740 30716 Successfully generated 10 recommendations for user '4'.
INFO 2025-05-16 18:51:05,263 services 36740 30716 Generated 10 recommendations for user 4
INFO 2025-05-16 19:23:00,761 utils 13940 23564 Added recommendation engine path to sys.path: A:\web django\GradProject\New folder\BookNest\BookNest\recommendations\engine
INFO 2025-05-16 19:23:28,532 utils 14048 22056 Added recommendation engine path to sys.path: A:\web django\GradProject\New folder\BookNest\BookNest\recommendations\engine
INFO 2025-05-16 19:23:43,081 utils 41832 6552 Added recommendation engine path to sys.path: A:\web django\GradProject\New folder\BookNest\BookNest\recommendations\engine
INFO 2025-05-16 19:30:32,940 utils 36508 42092 Added recommendation engine path to sys.path: A:\web django\GradProject\New folder\BookNest\BookNest\recommendations\engine
INFO 2025-05-16 19:48:30,165 utils 39640 40816 Added recommendation engine path to sys.path: A:\web django\GradProject\New folder\BookNest\BookNest\recommendations\engine
INFO 2025-05-16 19:49:07,488 utils 22220 26440 Added recommendation engine path to sys.path: A:\web django\GradProject\New folder\BookNest\BookNest\recommendations\engine
INFO 2025-05-16 19:49:49,425 utils 42316 37188 Added recommendation engine path to sys.path: A:\web django\GradProject\New folder\BookNest\BookNest\recommendations\engine
INFO 2025-05-16 19:51:22,428 utils 41368 37876 Added recommendation engine path to sys.path: A:\web django\GradProject\New folder\BookNest\BookNest\recommendations\engine
INFO 2025-05-16 19:58:10,369 utils 40852 12412 Added recommendation engine path to sys.path: A:\web django\GradProject\New folder\BookNest\BookNest\recommendation\engine
INFO 2025-05-16 20:08:52,678 utils 10368 12380 Added recommendation engine path to sys.path: A:\web django\GradProject\New folder\BookNest\BookNest\recommendation\engine
INFO 2025-05-16 20:11:39,222 utils 32116 12632 Added recommendation engine path to sys.path: A:\web django\GradProject\New folder\BookNest\BookNest\recommendation\engine
INFO 2025-05-16 20:11:43,996 utils 16864 17112 Added recommendation engine path to sys.path: A:\web django\GradProject\New folder\BookNest\BookNest\recommendation\engine
INFO 2025-05-16 20:13:45,466 utils 22736 28760 Added recommendation engine path to sys.path: A:\web django\GradProject\New folder\BookNest\BookNest\recommendation\engine
INFO 2025-05-16 20:16:10,789 apps 4728 19272 RecommendationsConfig ready method called.
INFO 2025-05-16 20:18:20,879 apps 42032 42844 RecommendationsConfig ready method called.
INFO 2025-05-16 20:18:23,816 apps 21228 15780 RecommendationsConfig ready method called.
INFO 2025-05-16 20:21:05,898 apps 14128 35904 RecommendationsConfig ready method called.
INFO 2025-05-16 20:22:18,879 signals 14128 16172 User testnumber2 (ID: 15) has reached 20 ratings. Generating recommendations.
ERROR 2025-05-16 20:22:23,104 signals 14128 16172 Failed to trigger recommendations for user 15: [WinError 10061] No connection could be made because the target machine actively refused it
INFO 2025-05-16 20:22:23,117 recommendation_engine 14128 16172 Generating 15 recommendations for user_id '15'.
WARNING 2025-05-16 20:22:23,117 recommendation_engine 14128 16172 User_id '15' not found in the training set (after filtering). Cannot generate recommendations with current model context.
INFO 2025-05-16 20:22:23,117 services 14128 16172 No recommendations generated for user 15
INFO 2025-05-16 20:22:23,119 signals 14128 16172 Generated 0 recommendations for user 15 synchronously.
INFO 2025-05-16 20:25:14,094 apps 33804 37472 RecommendationsConfig ready method called.
INFO 2025-05-16 20:25:23,274 apps 35616 20044 RecommendationsConfig ready method called.
INFO 2025-05-16 20:25:55,864 signals 35616 40772 User testnumber2 (ID: 15) has reached 21 ratings. Generating recommendations.
ERROR 2025-05-16 20:26:00,079 signals 35616 40772 Failed to trigger recommendations for user 15: [WinError 10061] No connection could be made because the target machine actively refused it
INFO 2025-05-16 20:26:00,088 recommendation_engine 35616 40772 Generating 15 recommendations for user_id '15'.
WARNING 2025-05-16 20:26:00,089 recommendation_engine 35616 40772 User_id '15' not found in the training set (after filtering). Cannot generate recommendations with current model context.
INFO 2025-05-16 20:26:00,089 services 35616 40772 No recommendations generated for user 15
INFO 2025-05-16 20:26:00,090 signals 35616 40772 Generated 0 recommendations for user 15 synchronously.
INFO 2025-05-17 18:54:49,628 apps 47556 47596 RecommendationsConfig ready method called.
INFO 2025-05-17 18:54:56,457 apps 37772 43312 RecommendationsConfig ready method called.
INFO 2025-05-17 18:55:51,470 signals 37772 49240 User testnumber2 (ID: 15) has reached 22 ratings. Generating recommendations.
INFO 2025-05-17 18:55:51,471 signals 37772 49240 Training new recommendation model to include user 15's ratings
INFO 2025-05-17 18:55:51,471 services 37772 49240 Starting training of svd recommendation model
INFO 2025-05-17 18:55:51,781 recommendation_engine 37772 49240 RecommendationEngine initialized with model type: SVD
INFO 2025-05-17 18:55:51,785 recommendation_engine 37772 49240 Starting model training process...
INFO 2025-05-17 18:55:51,785 recommendation_engine 37772 49240 Filtering users with less than 5 ratings.
INFO 2025-05-17 18:55:51,797 recommendation_engine 37772 49240 Users before filtering: 15. Users after filtering: 15. Ratings remaining: 2130
INFO 2025-05-17 18:55:51,797 recommendation_engine 37772 49240 Creating Surprise Dataset with scale (1, 5).
INFO 2025-05-17 18:55:51,806 recommendation_engine 37772 49240 Splitting data into training and testing sets.
INFO 2025-05-17 18:55:51,811 recommendation_engine 37772 49240 Training SVD model...
INFO 2025-05-17 18:55:51,843 recommendation_engine 37772 49240 Model training complete.
INFO 2025-05-17 18:55:51,844 recommendation_engine 37772 49240 Evaluating model on the test set...
INFO 2025-05-17 18:55:51,847 recommendation_engine 37772 49240 Evaluation - RMSE: 1.2850, MAE: 1.1032
INFO 2025-05-17 18:55:51,866 services 37772 49240 Successfully trained and saved svd model with id 4
INFO 2025-05-17 18:55:51,867 signals 37772 49240 Successfully trained new model (ID: 4) including user 15's data
ERROR 2025-05-17 18:55:56,097 signals 37772 49240 Failed to trigger async recommendations for user 15: [WinError 10061] No connection could be made because the target machine actively refused it
INFO 2025-05-17 18:55:56,113 recommendation_engine 37772 49240 Generating 10 recommendations for user_id '15'.
INFO 2025-05-17 18:55:56,125 recommendation_engine 37772 49240 Successfully generated 10 recommendations for user '15'.
INFO 2025-05-17 18:55:56,146 services 37772 49240 Generated 10 recommendations for user 15
INFO 2025-05-17 18:55:56,147 signals 37772 49240 Generated 10 recommendations for user 15 synchronously.
INFO 2025-05-23 15:11:17,477 apps 14492 12860 RecommendationsConfig ready method called.
INFO 2025-05-23 15:11:24,008 apps 17188 2508 RecommendationsConfig ready method called.
INFO 2025-05-23 15:30:41,319 apps 48172 27764 RecommendationsConfig ready method called.
INFO 2025-05-23 15:30:46,884 apps 34836 14780 RecommendationsConfig ready method called.
INFO 2025-05-23 20:41:21,244 apps 5712 20496 RecommendationsConfig ready method called.
INFO 2025-05-23 20:41:26,418 apps 2076 3172 RecommendationsConfig ready method called.
INFO 2025-05-23 20:42:27,904 apps 24256 1956 RecommendationsConfig ready method called.
INFO 2025-05-23 20:42:31,579 apps 19272 5256 RecommendationsConfig ready method called.
INFO 2025-05-23 20:43:29,864 apps 8236 2192 RecommendationsConfig ready method called.
INFO 2025-05-23 20:43:32,804 apps 23172 23048 RecommendationsConfig ready method called.
INFO 2025-05-23 20:43:52,290 apps 22460 1844 RecommendationsConfig ready method called.
INFO 2025-05-23 20:43:58,279 apps 21280 16320 RecommendationsConfig ready method called.
INFO 2025-05-23 20:44:00,862 apps 24224 11580 RecommendationsConfig ready method called.
INFO 2025-05-23 20:52:49,572 apps 11260 7732 RecommendationsConfig ready method called.
INFO 2025-05-23 20:53:18,225 apps 23892 22552 RecommendationsConfig ready method called.
INFO 2025-05-23 21:00:55,775 apps 11492 9776 RecommendationsConfig ready method called.
INFO 2025-05-23 21:04:09,784 apps 4928 9092 RecommendationsConfig ready method called.
INFO 2025-05-23 21:08:08,039 apps 22736 14548 RecommendationsConfig ready method called.
INFO 2025-05-23 21:09:04,336 apps 12664 12860 RecommendationsConfig ready method called.
INFO 2025-05-23 21:09:13,690 apps 24116 16184 RecommendationsConfig ready method called.
INFO 2025-05-23 21:09:28,405 apps 15928 20760 RecommendationsConfig ready method called.
INFO 2025-05-23 21:10:05,096 apps 20624 22672 RecommendationsConfig ready method called.
INFO 2025-05-23 21:10:52,120 apps 1760 20936 RecommendationsConfig ready method called.
INFO 2025-05-23 21:12:09,666 apps 12440 14920 RecommendationsConfig ready method called.
INFO 2025-05-23 21:12:20,899 apps 22780 23516 RecommendationsConfig ready method called.
INFO 2025-05-23 21:18:01,039 apps 8484 22496 RecommendationsConfig ready method called.
INFO 2025-05-23 21:18:37,672 apps 16708 23696 RecommendationsConfig ready method called.
INFO 2025-05-23 21:18:52,568 apps 21668 10668 RecommendationsConfig ready method called.
INFO 2025-05-23 21:19:06,418 apps 21680 10668 RecommendationsConfig ready method called.
INFO 2025-05-23 21:19:21,900 apps 15456 4224 RecommendationsConfig ready method called.
INFO 2025-05-23 21:19:34,865 apps 21448 23704 RecommendationsConfig ready method called.
INFO 2025-05-23 22:31:06,091 apps 4396 22160 RecommendationsConfig ready method called.
INFO 2025-05-23 22:33:05,002 apps 13808 11776 RecommendationsConfig ready method called.
INFO 2025-05-23 22:34:49,840 apps 14376 12884 RecommendationsConfig ready method called.
INFO 2025-05-23 22:34:51,956 apps 5876 6408 RecommendationsConfig ready method called.
INFO 2025-05-23 22:46:34,314 apps 17748 23640 RecommendationsConfig ready method called.
INFO 2025-05-23 23:11:54,429 apps 660 2424 RecommendationsConfig ready method called.
INFO 2025-05-23 23:16:13,449 apps 25392 5324 RecommendationsConfig ready method called.
INFO 2025-05-23 23:16:41,832 apps 16024 24432 RecommendationsConfig ready method called.
INFO 2025-05-23 23:17:02,374 apps 2624 16664 RecommendationsConfig ready method called.
INFO 2025-05-23 23:38:52,182 apps 24728 21440 RecommendationsConfig ready method called.
INFO 2025-05-24 00:20:34,192 apps 25336 23544 RecommendationsConfig ready method called.
INFO 2025-05-24 00:22:26,030 apps 22844 11784 RecommendationsConfig ready method called.
INFO 2025-05-24 01:27:44,025 apps 2224 5604 RecommendationsConfig ready method called.
INFO 2025-05-24 01:28:58,214 apps 22712 11016 RecommendationsConfig ready method called.
INFO 2025-05-24 01:29:15,909 apps 18800 6540 RecommendationsConfig ready method called.
INFO 2025-05-24 01:29:38,897 apps 19088 24560 RecommendationsConfig ready method called.
INFO 2025-05-24 01:30:14,549 apps 21532 14944 RecommendationsConfig ready method called.
INFO 2025-05-24 01:33:40,879 apps 2424 17888 RecommendationsConfig ready method called.
INFO 2025-05-24 01:34:01,618 apps 23588 24572 RecommendationsConfig ready method called.
INFO 2025-05-24 01:34:39,095 apps 23268 18940 RecommendationsConfig ready method called.
INFO 2025-05-24 01:41:11,875 apps 4688 20360 RecommendationsConfig ready method called.
INFO 2025-05-24 01:42:29,321 apps 25160 22960 RecommendationsConfig ready method called.
INFO 2025-05-24 01:42:44,303 apps 17372 24880 RecommendationsConfig ready method called.
INFO 2025-05-24 01:42:49,300 apps 18696 3424 RecommendationsConfig ready method called.
INFO 2025-05-24 01:43:00,249 apps 9264 11784 RecommendationsConfig ready method called.
INFO 2025-05-24 01:43:02,228 apps 22660 13496 RecommendationsConfig ready method called.
INFO 2025-05-24 02:02:36,991 apps 11772 22664 RecommendationsConfig ready method called.
INFO 2025-05-24 02:04:15,303 apps 18768 3620 RecommendationsConfig ready method called.
INFO 2025-05-24 02:05:03,868 apps 22668 25268 RecommendationsConfig ready method called.
INFO 2025-05-24 02:05:20,961 apps 3544 20856 RecommendationsConfig ready method called.
INFO 2025-05-24 02:09:39,098 apps 20120 7136 RecommendationsConfig ready method called.
INFO 2025-05-24 02:09:40,928 apps 5612 9980 RecommendationsConfig ready method called.
INFO 2025-05-24 02:56:54,955 apps 17372 16128 RecommendationsConfig ready method called.
INFO 2025-05-24 02:57:21,702 apps 8172 20964 RecommendationsConfig ready method called.
INFO 2025-05-26 13:20:52,284 apps 13644 13944 RecommendationsConfig ready method called.
INFO 2025-05-26 13:22:48,351 apps 20244 24300 RecommendationsConfig ready method called.
INFO 2025-05-26 13:23:37,132 apps 13052 11548 RecommendationsConfig ready method called.
INFO 2025-05-26 13:24:27,254 apps 23380 13628 RecommendationsConfig ready method called.
INFO 2025-05-26 13:24:51,166 apps 23488 22240 RecommendationsConfig ready method called.
INFO 2025-05-26 13:25:09,820 apps 13216 23748 RecommendationsConfig ready method called.
INFO 2025-05-26 13:25:14,710 apps 24072 20788 RecommendationsConfig ready method called.
INFO 2025-05-26 14:22:51,247 apps 12436 16572 RecommendationsConfig ready method called.
INFO 2025-05-26 14:23:38,982 apps 25792 18000 RecommendationsConfig ready method called.
INFO 2025-05-26 14:24:13,988 apps 26256 19508 RecommendationsConfig ready method called.
INFO 2025-05-26 14:25:09,877 apps 20248 27212 RecommendationsConfig ready method called.
INFO 2025-05-26 14:25:11,816 apps 17940 8308 RecommendationsConfig ready method called.
INFO 2025-05-26 14:38:20,234 apps 8780 21920 RecommendationsConfig ready method called.
INFO 2025-05-26 14:38:58,567 apps 23948 21156 RecommendationsConfig ready method called.
INFO 2025-05-26 14:39:00,512 apps 11100 15208 RecommendationsConfig ready method called.
INFO 2025-05-26 14:56:46,354 apps 13368 9832 RecommendationsConfig ready method called.
INFO 2025-05-26 15:03:45,468 apps 2328 3608 RecommendationsConfig ready method called.
INFO 2025-05-26 15:13:39,448 apps 4976 15084 RecommendationsConfig ready method called.
INFO 2025-05-26 15:14:20,243 apps 21360 15996 RecommendationsConfig ready method called.
INFO 2025-05-26 15:17:20,090 apps 7280 11140 RecommendationsConfig ready method called.
INFO 2025-05-26 15:18:02,827 apps 25812 22300 RecommendationsConfig ready method called.
INFO 2025-05-26 15:23:17,386 apps 22404 13008 RecommendationsConfig ready method called.
